Apr-20-23 18:16:22: INFO - *****Beginning Log*****
Apr-20-23 18:16:50: INFO - Function setup started.
Apr-20-23 18:16:59: INFO - Function setup started.
Apr-20-23 18:17:43: INFO - Function setup started.
Apr-20-23 18:17:43: INFO - Function setup took 0.16934340000000248 seconds.
Apr-20-23 18:18:20: INFO - Function scrape started.
Apr-20-23 18:18:20: INFO - Function scrape took 0.0011877000000026783 seconds.
Apr-20-23 18:18:37: INFO - Function get_data started.
Apr-20-23 18:18:37: INFO - Function get_data took 3.399999997100167e-06 seconds.
Apr-20-23 18:20:38: INFO - Function get_data started.
Apr-20-23 18:20:38: INFO - Function get_data took 6.699999971715442e-06 seconds.
Apr-20-23 18:21:36: INFO - Function scrape started.
Apr-20-23 18:21:57: INFO - Function scrape started.
Apr-20-23 18:24:19: INFO - Function scrape started.
Apr-20-23 18:24:21: INFO - Function scrape took 1.7396964999999796 seconds.
Apr-20-23 18:24:31: INFO - Function get_data started.
Apr-20-23 18:24:31: INFO - Function get_data took 4.500000045482011e-06 seconds.
Apr-20-23 18:24:48: INFO - Function scrape started.
Apr-20-23 18:24:50: INFO - Function scrape took 1.6031138999999826 seconds.
Apr-20-23 18:25:05: INFO - Function get_data started.
Apr-20-23 18:25:15: INFO - Function get_data started.
